2023-09-30 09:12:15,966 INFO o.a.j.u.JMeterUtils: Setting Locale to en_EN
2023-09-30 09:12:15,981 INFO o.a.j.JMeter: Loading user properties from: user.properties
2023-09-30 09:12:15,981 INFO o.a.j.JMeter: Loading system properties from: system.properties
2023-09-30 09:12:15,986 INFO o.a.j.JMeter: Copyright (c) 1998-2022 The Apache Software Foundation
2023-09-30 09:12:15,986 INFO o.a.j.JMeter: Version 5.5
2023-09-30 09:12:15,986 INFO o.a.j.JMeter: java.version=1.8.0_241
2023-09-30 09:12:15,986 INFO o.a.j.JMeter: java.vm.name=Java HotSpot(TM) 64-Bit Server VM
2023-09-30 09:12:15,986 INFO o.a.j.JMeter: os.name=Windows 10
2023-09-30 09:12:15,986 INFO o.a.j.JMeter: os.arch=amd64
2023-09-30 09:12:15,986 INFO o.a.j.JMeter: os.version=10.0
2023-09-30 09:12:15,986 INFO o.a.j.JMeter: file.encoding=Cp1252
2023-09-30 09:12:15,986 INFO o.a.j.JMeter: java.awt.headless=null
2023-09-30 09:12:15,986 INFO o.a.j.JMeter: Max memory     =1073741824
2023-09-30 09:12:15,986 INFO o.a.j.JMeter: Available Processors =4
2023-09-30 09:12:15,996 INFO o.a.j.JMeter: Default Locale=English (EN)
2023-09-30 09:12:15,996 INFO o.a.j.JMeter: JMeter  Locale=English (EN)
2023-09-30 09:12:15,996 INFO o.a.j.JMeter: JMeterHome=C:\Jmeter\apache-jmeter-5.5
2023-09-30 09:12:15,996 INFO o.a.j.JMeter: user.dir  =C:\Jmeter\apache-jmeter-5.5\bin
2023-09-30 09:12:15,996 INFO o.a.j.JMeter: PWD       =C:\Jmeter\apache-jmeter-5.5\bin
2023-09-30 09:12:20,536 INFO o.a.j.JMeter: IP: 192.168.56.1 Name: DESKTOP-7R85COG FullName: DESKTOP-7R85COG
2023-09-30 09:12:20,589 INFO o.a.j.JMeter: Loaded icon properties from org/apache/jmeter/images/icon.properties
2023-09-30 09:12:20,791 INFO o.a.j.JMeterGuiLauncher: Setting LAF to: laf:javax.swing.plaf.metal.MetalLookAndFeel
2023-09-30 09:12:22,686 INFO o.j.r.JARSourceHTTP: Found cached repo
2023-09-30 09:12:22,946 INFO o.j.r.PluginManager: Plugins Status: [jpgc-dummy=0.4, bzm-parallel=0.11, jpgc-plugins-manager=1.10, bzm-random-csv=0.8, jmeter-core=5.5, jmeter-ftp=5.5, jmeter-http=5.5, jmeter-jdbc=5.5, jmeter-jms=5.5, jmeter-junit=5.5, jmeter-java=5.5, jmeter-ldap=5.5, jmeter-mail=5.5, jmeter-mongodb=5.5, jmeter-native=5.5, jmeter-tcp=5.5, jmeter-components=5.5]
2023-09-30 09:12:24,031 INFO o.a.j.p.h.s.HTTPSamplerBase: Parser for text/html is org.apache.jmeter.protocol.http.parser.LagartoBasedHtmlParser
2023-09-30 09:12:24,031 INFO o.a.j.p.h.s.HTTPSamplerBase: Parser for application/xhtml+xml is org.apache.jmeter.protocol.http.parser.LagartoBasedHtmlParser
2023-09-30 09:12:24,031 INFO o.a.j.p.h.s.HTTPSamplerBase: Parser for application/xml is org.apache.jmeter.protocol.http.parser.LagartoBasedHtmlParser
2023-09-30 09:12:24,031 INFO o.a.j.p.h.s.HTTPSamplerBase: Parser for text/xml is org.apache.jmeter.protocol.http.parser.LagartoBasedHtmlParser
2023-09-30 09:12:24,031 INFO o.a.j.p.h.s.HTTPSamplerBase: Parser for text/vnd.wap.wml is org.apache.jmeter.protocol.http.parser.RegexpHTMLParser
2023-09-30 09:12:24,031 INFO o.a.j.p.h.s.HTTPSamplerBase: Parser for text/css is org.apache.jmeter.protocol.http.parser.CssParser
2023-09-30 09:12:44,071 INFO o.a.j.s.FileServer: Default base='C:\Jmeter\apache-jmeter-5.5\bin'
2023-09-30 09:12:44,073 INFO o.a.j.g.a.Load: Loading file: C:\Kavanii\JmeterScript\HTTP Request3.jmx
2023-09-30 09:12:44,073 INFO o.a.j.s.FileServer: Set new base='C:\Kavanii\JmeterScript'
2023-09-30 09:12:44,189 INFO o.a.j.s.SaveService: Testplan (JMX) version: 2.2. Testlog (JTL) version: 2.2
2023-09-30 09:12:44,202 INFO o.a.j.s.SaveService: Using SaveService properties file encoding UTF-8
2023-09-30 09:12:44,202 INFO o.a.j.s.SaveService: Using SaveService properties version 5.0
2023-09-30 09:12:44,202 INFO o.a.j.s.SaveService: Loading file: C:\Kavanii\JmeterScript\HTTP Request3.jmx
2023-09-30 09:12:44,794 INFO o.a.j.s.SampleResult: Note: Sample TimeStamps are START times
2023-09-30 09:12:44,794 INFO o.a.j.s.SampleResult: sampleresult.default.encoding is set to ISO-8859-1
2023-09-30 09:12:44,794 INFO o.a.j.s.SampleResult: sampleresult.useNanoTime=true
2023-09-30 09:12:44,794 INFO o.a.j.s.SampleResult: sampleresult.nanoThreadSleep=5000
2023-09-30 09:12:45,054 INFO o.a.j.s.FileServer: Set new base='C:\Kavanii\JmeterScript'
2023-09-30 09:12:59,002 INFO o.a.j.e.StandardJMeterEngine: Running the test!
2023-09-30 09:12:59,002 INFO o.a.j.s.SampleEvent: List of sample_variables: []
2023-09-30 09:12:59,002 INFO o.a.j.s.SampleEvent: List of sample_variables: []
2023-09-30 09:12:59,002 INFO o.a.j.e.u.CompoundVariable: Note: Function class names must contain the string: '.functions.'
2023-09-30 09:12:59,002 INFO o.a.j.e.u.CompoundVariable: Note: Function class names must not contain the string: '.gui.'
2023-09-30 09:12:59,269 INFO o.a.j.g.u.JMeterMenuBar: setRunning(true, *local*)
2023-09-30 09:12:59,334 INFO o.a.j.e.StandardJMeterEngine: Starting ThreadGroup: 1 : Thread Group
2023-09-30 09:12:59,334 INFO o.a.j.e.StandardJMeterEngine: Starting 1 threads for group Thread Group.
2023-09-30 09:12:59,334 INFO o.a.j.e.StandardJMeterEngine: Thread will continue on error
2023-09-30 09:12:59,334 INFO o.a.j.t.ThreadGroup: Starting thread group... number=1 threads=1 ramp-up=1 delayedStart=false
2023-09-30 09:12:59,349 INFO o.a.j.t.ThreadGroup: Started thread group number 1
2023-09-30 09:12:59,349 INFO o.a.j.e.StandardJMeterEngine: All thread groups have been started
2023-09-30 09:12:59,359 INFO o.a.j.t.JMeterThread: Thread started: Thread Group 1-1
2023-09-30 09:12:59,374 INFO o.a.j.p.h.s.HTTPHCAbstractImpl: Local host = DESKTOP-7R85COG
2023-09-30 09:12:59,380 INFO o.a.j.p.h.s.HTTPHC4Impl: HTTP request retry count = 0
2023-09-30 09:13:10,399 INFO o.a.j.t.JMeterThread: Thread is done: Thread Group 1-1
2023-09-30 09:13:10,409 INFO o.a.j.t.JMeterThread: Thread finished: Thread Group 1-1
2023-09-30 09:13:10,409 INFO o.a.j.e.StandardJMeterEngine: Notifying test listeners of end of test
2023-09-30 09:13:10,409 INFO o.a.j.g.u.JMeterMenuBar: setRunning(false, *local*)
2023-09-30 09:14:20,189 INFO o.a.j.e.StandardJMeterEngine: Running the test!
2023-09-30 09:14:20,189 INFO o.a.j.s.SampleEvent: List of sample_variables: []
2023-09-30 09:14:20,204 INFO o.a.j.g.u.JMeterMenuBar: setRunning(true, *local*)
2023-09-30 09:14:20,319 INFO o.a.j.e.StandardJMeterEngine: Starting ThreadGroup: 1 : Thread Group
2023-09-30 09:14:20,323 INFO o.a.j.e.StandardJMeterEngine: Starting 1 threads for group Thread Group.
2023-09-30 09:14:20,323 INFO o.a.j.e.StandardJMeterEngine: Thread will continue on error
2023-09-30 09:14:20,323 INFO o.a.j.t.ThreadGroup: Starting thread group... number=1 threads=1 ramp-up=1 delayedStart=false
2023-09-30 09:14:20,323 INFO o.a.j.t.ThreadGroup: Started thread group number 1
2023-09-30 09:14:20,323 INFO o.a.j.e.StandardJMeterEngine: All thread groups have been started
2023-09-30 09:14:20,329 INFO o.a.j.t.JMeterThread: Thread started: Thread Group 1-1
2023-09-30 09:14:30,599 INFO o.a.j.t.JMeterThread: Thread is done: Thread Group 1-1
2023-09-30 09:14:30,599 INFO o.a.j.t.JMeterThread: Thread finished: Thread Group 1-1
2023-09-30 09:14:30,599 INFO o.a.j.e.StandardJMeterEngine: Notifying test listeners of end of test
2023-09-30 09:14:30,599 INFO o.a.j.g.u.JMeterMenuBar: setRunning(false, *local*)
