2023-01-06 14:15:56,162 INFO o.a.j.u.JMeterUtils: Setting Locale to en_AU
2023-01-06 14:15:56,176 INFO o.a.j.JMeter: Loading user properties from: user.properties
2023-01-06 14:15:56,177 INFO o.a.j.JMeter: Loading system properties from: system.properties
2023-01-06 14:15:56,177 INFO o.a.j.JMeter: Loading additional properties from: C:\Jmeter\apache-jmeter-5.5\bin\user.properties
2023-01-06 14:15:56,186 INFO o.a.j.JMeter: Copyright (c) 1998-2022 The Apache Software Foundation
2023-01-06 14:15:56,186 INFO o.a.j.JMeter: Version 5.5
2023-01-06 14:15:56,187 INFO o.a.j.JMeter: java.version=1.8.0_241
2023-01-06 14:15:56,187 INFO o.a.j.JMeter: java.vm.name=Java HotSpot(TM) 64-Bit Server VM
2023-01-06 14:15:56,187 INFO o.a.j.JMeter: os.name=Windows 10
2023-01-06 14:15:56,187 INFO o.a.j.JMeter: os.arch=amd64
2023-01-06 14:15:56,187 INFO o.a.j.JMeter: os.version=10.0
2023-01-06 14:15:56,187 INFO o.a.j.JMeter: file.encoding=Cp1252
2023-01-06 14:15:56,187 INFO o.a.j.JMeter: java.awt.headless=true
2023-01-06 14:15:56,187 INFO o.a.j.JMeter: Max memory     =1894252544
2023-01-06 14:15:56,187 INFO o.a.j.JMeter: Available Processors =4
2023-01-06 14:15:56,193 INFO o.a.j.JMeter: Default Locale=English (Australia)
2023-01-06 14:15:56,193 INFO o.a.j.JMeter: JMeter  Locale=English (Australia)
2023-01-06 14:15:56,193 INFO o.a.j.JMeter: JMeterHome=C:\Jmeter\apache-jmeter-5.5
2023-01-06 14:15:56,193 INFO o.a.j.JMeter: user.dir  =C:\Jmeter\apache-jmeter-5.5\bin
2023-01-06 14:15:56,194 INFO o.a.j.JMeter: PWD       =C:\Jmeter\apache-jmeter-5.5\bin
2023-01-06 14:16:00,728 INFO o.a.j.JMeter: IP: 192.168.56.1 Name: DESKTOP-7R85COG FullName: DESKTOP-7R85COG
2023-01-06 14:16:00,773 INFO o.a.j.JMeter: Setting property 'jmeter.reportgenerator.outputdir' to:'C:\Jmeter\res_http'
2023-01-06 14:16:00,778 INFO o.a.j.r.d.ReportGenerator: ReportGenerator will use for Parsing the separator: ','
2023-01-06 14:16:00,778 INFO o.a.j.r.d.ReportGenerator: Will only generate report from results file: C:\Jmeter\PlanitAssessment_Inna_R.csv
2023-01-06 14:16:00,778 INFO o.a.j.r.d.ReportGenerator: Reading report generator properties from: C:\Jmeter\apache-jmeter-5.5\bin\reportgenerator.properties
2023-01-06 14:16:00,779 INFO o.a.j.r.d.ReportGenerator: Merging with JMeter properties
2023-01-06 14:16:00,784 INFO o.a.j.r.c.ReportGeneratorConfiguration: Property 'jmeter.reportgenerator.temp_dir' not found, using default value 'temp' instead.
2023-01-06 14:16:00,787 INFO o.a.j.r.c.ReportGeneratorConfiguration: Property 'jmeter.reportgenerator.apdex_per_transaction' not found, using default value 'null' instead.
2023-01-06 14:16:00,794 INFO o.a.j.r.c.ReportGeneratorConfiguration: apdex_per_transaction is empty, not APDEX per transaction customization
2023-01-06 14:16:00,794 INFO o.a.j.r.c.ReportGeneratorConfiguration: Property 'jmeter.reportgenerator.sample_filter' not found, using default value 'null' instead.
2023-01-06 14:16:00,795 INFO o.a.j.r.c.ReportGeneratorConfiguration: Property 'jmeter.reportgenerator.report_title' not found, using default value 'null' instead.
2023-01-06 14:16:00,795 INFO o.a.j.r.c.ReportGeneratorConfiguration: Property 'jmeter.reportgenerator.start_date' not found, using default value 'null' instead.
2023-01-06 14:16:00,795 INFO o.a.j.r.c.ReportGeneratorConfiguration: Property 'jmeter.reportgenerator.end_date' not found, using default value 'null' instead.
2023-01-06 14:16:00,795 INFO o.a.j.r.c.ReportGeneratorConfiguration: Property 'jmeter.reportgenerator.date_format' not found, using default value 'null' instead.
2023-01-06 14:16:00,798 INFO o.a.j.r.c.ReportGeneratorConfiguration: Will use date range start date: null, end date: null
2023-01-06 14:16:00,803 INFO o.a.j.r.c.ReportGeneratorConfiguration: Property 'jmeter.reportgenerator.graph.totalTPS.exclude_controllers' not found, using default value 'false' instead.
2023-01-06 14:16:00,803 INFO o.a.j.r.c.ReportGeneratorConfiguration: Property 'jmeter.reportgenerator.graph.activeThreadsOverTime.exclude_controllers' not found, using default value 'false' instead.
2023-01-06 14:16:00,803 INFO o.a.j.r.c.ReportGeneratorConfiguration: Property 'jmeter.reportgenerator.graph.timeVsThreads.exclude_controllers' not found, using default value 'false' instead.
2023-01-06 14:16:00,803 INFO o.a.j.r.c.ReportGeneratorConfiguration: Property 'jmeter.reportgenerator.graph.responseTimeDistribution.exclude_controllers' not found, using default value 'false' instead.
2023-01-06 14:16:00,803 INFO o.a.j.r.c.ReportGeneratorConfiguration: Property 'jmeter.reportgenerator.graph.transactionsPerSecond.exclude_controllers' not found, using default value 'false' instead.
2023-01-06 14:16:00,803 INFO o.a.j.r.c.ReportGeneratorConfiguration: Property 'jmeter.reportgenerator.graph.responseTimePercentiles.exclude_controllers' not found, using default value 'false' instead.
2023-01-06 14:16:00,804 INFO o.a.j.r.c.ReportGeneratorConfiguration: Property 'jmeter.reportgenerator.graph.responseTimePercentilesOverTime.exclude_controllers' not found, using default value 'false' instead.
2023-01-06 14:16:00,804 INFO o.a.j.r.c.ReportGeneratorConfiguration: Property 'jmeter.reportgenerator.graph.responseTimesOverTime.exclude_controllers' not found, using default value 'false' instead.
2023-01-06 14:16:00,804 INFO o.a.j.r.c.ReportGeneratorConfiguration: Property 'jmeter.reportgenerator.graph.connectTimeOverTime.exclude_controllers' not found, using default value 'false' instead.
2023-01-06 14:16:00,804 INFO o.a.j.r.c.ReportGeneratorConfiguration: Property 'jmeter.reportgenerator.graph.latenciesOverTime.exclude_controllers' not found, using default value 'false' instead.
2023-01-06 14:16:00,805 INFO o.a.j.r.c.ReportGeneratorConfiguration: Property 'jmeter.reportgenerator.exporter.json.filters_only_sample_series' not found, using default value 'true' instead.
2023-01-06 14:16:00,805 INFO o.a.j.r.c.ReportGeneratorConfiguration: Property 'jmeter.reportgenerator.exporter.json.series_filter' not found, using default value '' instead.
2023-01-06 14:16:00,805 INFO o.a.j.r.c.ReportGeneratorConfiguration: Property 'jmeter.reportgenerator.exporter.json.show_controllers_only' not found, using default value 'false' instead.
2023-01-06 14:16:00,806 INFO o.a.j.r.c.ReportGeneratorConfiguration: Property 'jmeter.reportgenerator.exporter.html.filters_only_sample_series' not found, using default value 'true' instead.
2023-01-06 14:16:00,806 INFO o.a.j.r.c.ReportGeneratorConfiguration: Property 'jmeter.reportgenerator.exporter.html.series_filter' not found, using default value '' instead.
2023-01-06 14:16:00,806 INFO o.a.j.r.c.ReportGeneratorConfiguration: Property 'jmeter.reportgenerator.exporter.html.show_controllers_only' not found, using default value 'false' instead.
2023-01-06 14:16:00,977 INFO o.a.j.s.SaveService: Testplan (JMX) version: 2.2. Testlog (JTL) version: 2.2
2023-01-06 14:16:01,000 INFO o.a.j.s.SaveService: Using SaveService properties file encoding UTF-8
2023-01-06 14:16:01,004 INFO o.a.j.s.SaveService: Using SaveService properties version 5.0
2023-01-06 14:16:01,036 INFO o.a.j.r.p.NormalizerSampleConsumer: Using format, 'ms', to parse timeStamp field
2023-01-06 14:16:01,495 INFO o.a.j.r.p.AbstractSampleConsumer: class org.apache.jmeter.report.processor.AggregateConsumer#stopProducing(): beginDate produced 0 samples
2023-01-06 14:16:01,495 INFO o.a.j.r.p.AbstractSampleConsumer: class org.apache.jmeter.report.processor.AggregateConsumer#stopProducing(): endDate produced 0 samples
2023-01-06 14:16:01,497 INFO o.a.j.r.p.AbstractSampleConsumer: class org.apache.jmeter.report.processor.ApdexSummaryConsumer#stopProducing(): apdexSummary produced 0 samples
2023-01-06 14:16:01,497 INFO o.a.j.r.p.AbstractSampleConsumer: class org.apache.jmeter.report.processor.RequestsSummaryConsumer#stopProducing(): requestsSummary produced 0 samples
2023-01-06 14:16:01,510 INFO o.a.j.r.p.AbstractSampleConsumer: class org.apache.jmeter.report.processor.StatisticsSummaryConsumer#stopProducing(): statisticsSummary produced 0 samples
2023-01-06 14:16:01,532 INFO o.a.j.r.p.AbstractSampleConsumer: class org.apache.jmeter.report.processor.Top5ErrorsBySamplerConsumer#stopProducing(): top5ErrorsBySampler produced 0 samples
2023-01-06 14:16:01,532 INFO o.a.j.r.p.AbstractSampleConsumer: class org.apache.jmeter.report.processor.ErrorsSummaryConsumer#stopProducing(): errorsSummary produced 0 samples
2023-01-06 14:16:01,532 INFO o.a.j.r.p.AbstractSampleConsumer: class org.apache.jmeter.report.processor.graph.impl.HitsPerSecondGraphConsumer#stopProducing(): hitsPerSecond produced 0 samples
2023-01-06 14:16:01,587 INFO o.a.j.r.p.AbstractSampleConsumer: class org.apache.jmeter.report.processor.graph.impl.LatencyVSRequestGraphConsumer#stopProducing(): latencyVsRequest produced 0 samples
2023-01-06 14:16:01,588 INFO o.a.j.r.p.AbstractSampleConsumer: class org.apache.jmeter.report.processor.graph.impl.SyntheticResponseTimeDistributionGraphConsumer#stopProducing(): syntheticResponseTimeDistribution produced 0 samples
2023-01-06 14:16:01,589 INFO o.a.j.r.p.AbstractSampleConsumer: class org.apache.jmeter.report.processor.graph.impl.BytesThroughputGraphConsumer#stopProducing(): bytesThroughputOverTime produced 0 samples
2023-01-06 14:16:01,589 INFO o.a.j.r.p.AbstractSampleConsumer: class org.apache.jmeter.report.processor.graph.impl.CodesPerSecondGraphConsumer#stopProducing(): codesPerSecond produced 0 samples
2023-01-06 14:16:01,616 INFO o.a.j.r.p.AbstractSampleConsumer: class org.apache.jmeter.report.processor.graph.impl.ResponseTimeVSRequestGraphConsumer#stopProducing(): responseTimeVsRequest produced 0 samples
2023-01-06 14:16:01,619 INFO o.a.j.r.p.AbstractSampleConsumer: class org.apache.jmeter.report.processor.FilterConsumer#stopProducing(): startIntervalControlerFilter produced 22554 samples
2023-01-06 14:16:01,619 INFO o.a.j.r.p.AbstractSampleConsumer: class org.apache.jmeter.report.processor.graph.impl.TotalTPSGraphConsumer#stopProducing(): totalTPS produced 0 samples
2023-01-06 14:16:01,619 INFO o.a.j.r.p.AbstractSampleConsumer: class org.apache.jmeter.report.processor.graph.impl.ActiveThreadsGraphConsumer#stopProducing(): activeThreadsOverTime produced 0 samples
2023-01-06 14:16:01,619 INFO o.a.j.r.p.AbstractSampleConsumer: class org.apache.jmeter.report.processor.graph.impl.TimeVSThreadGraphConsumer#stopProducing(): timeVsThreads produced 0 samples
2023-01-06 14:16:01,620 INFO o.a.j.r.p.AbstractSampleConsumer: class org.apache.jmeter.report.processor.graph.impl.ResponseTimeDistributionGraphConsumer#stopProducing(): responseTimeDistribution produced 0 samples
2023-01-06 14:16:01,620 INFO o.a.j.r.p.AbstractSampleConsumer: class org.apache.jmeter.report.processor.graph.impl.TransactionsPerSecondGraphConsumer#stopProducing(): transactionsPerSecond produced 0 samples
2023-01-06 14:16:01,620 INFO o.a.j.r.p.AbstractSampleConsumer: class org.apache.jmeter.report.processor.graph.impl.ResponseTimePercentilesGraphConsumer#stopProducing(): responseTimePercentiles produced 0 samples
2023-01-06 14:16:01,623 INFO o.a.j.r.p.AbstractSampleConsumer: class org.apache.jmeter.report.processor.graph.impl.ResponseTimePercentilesOverTimeGraphConsumer#stopProducing(): responseTimePercentilesOverTime produced 0 samples
2023-01-06 14:16:01,625 INFO o.a.j.r.p.AbstractSampleConsumer: class org.apache.jmeter.report.processor.graph.impl.ResponseTimeOverTimeGraphConsumer#stopProducing(): responseTimesOverTime produced 0 samples
2023-01-06 14:16:01,625 INFO o.a.j.r.p.AbstractSampleConsumer: class org.apache.jmeter.report.processor.graph.impl.ConnectTimeOverTimeGraphConsumer#stopProducing(): connectTimeOverTime produced 0 samples
2023-01-06 14:16:01,625 INFO o.a.j.r.p.AbstractSampleConsumer: class org.apache.jmeter.report.processor.graph.impl.LatencyOverTimeGraphConsumer#stopProducing(): latenciesOverTime produced 0 samples
2023-01-06 14:16:01,625 INFO o.a.j.r.p.AbstractSampleConsumer: class org.apache.jmeter.report.processor.FilterConsumer#stopProducing(): nameFilter produced 55080 samples
2023-01-06 14:16:01,626 INFO o.a.j.r.p.AbstractSampleConsumer: class org.apache.jmeter.report.processor.FilterConsumer#stopProducing(): dateRangeFilter produced 11016 samples
2023-01-06 14:16:01,626 INFO o.a.j.r.p.AbstractSampleConsumer: class org.apache.jmeter.report.processor.NormalizerSampleConsumer#stopProducing(): normalizer produced 3672 samples
2023-01-06 14:16:01,626 INFO o.a.j.r.p.CsvFileSampleSource: produce(): 3672 samples produced in 560ms on channel 0
2023-01-06 14:16:01,626 INFO o.a.j.r.d.ReportGenerator: Exporting data using exporter:'json' of className:'org.apache.jmeter.report.dashboard.JsonExporter'
2023-01-06 14:16:01,808 INFO o.a.j.r.d.JsonExporter: Found data for consumer statisticsSummary in context
2023-01-06 14:16:01,808 INFO o.a.j.r.d.JsonExporter: Creating statistics for overall
2023-01-06 14:16:01,809 INFO o.a.j.r.d.JsonExporter: Creating statistics for other transactions
2023-01-06 14:16:01,810 INFO o.a.j.r.d.JsonExporter: Checking output folder
2023-01-06 14:16:01,811 INFO o.a.j.r.d.JsonExporter: Writing statistics JSON to C:\Jmeter\res_http\statistics.json
2023-01-06 14:16:01,861 INFO o.a.j.r.d.ReportGenerator: Exporting data using exporter:'html' of className:'org.apache.jmeter.report.dashboard.HtmlTemplateExporter'
2023-01-06 14:16:01,865 INFO o.a.j.r.d.HtmlTemplateExporter: Will generate dashboard in folder: C:\Jmeter\res_http
2023-01-06 14:16:01,985 INFO o.a.j.r.d.HtmlTemplateExporter: Report will be generated in: C:\Jmeter\res_http, creating folder structure
2023-01-06 14:16:01,988 INFO o.a.j.r.d.TemplateVisitor: Copying folder from 'C:\Jmeter\apache-jmeter-5.5\bin\report-template' to 'C:\Jmeter\res_http', got message: C:\Jmeter\res_http, found non empty folder with following content [C:\Jmeter\res_http\statistics.json], will be ignored
